<?xml version="1.0" encoding="UTF-8"?>
<coverage generated="1643814588415" clover="3.2.0">
  <project timestamp="1643814588416" name="All files">
    <metrics statements="29" coveredstatements="29" conditionals="0" coveredconditionals="0" methods="13" coveredmethods="13" elements="42" coveredelements="42" complexity="0" loc="29" ncloc="29" packages="1" files="4" classes="4"/>
    <file name="Component.js" path="/home/moisesr/Documentos/Desarrollo/Skylab Coders/Assistant/jest-dom-testing-library/components/Component.js">
      <metrics statements="2" coveredstatements="2" conditionals="0" coveredconditionals="0" methods="2" coveredmethods="2"/>
      <line num="3" count="4" type="stmt"/>
      <line num="6" count="5" type="stmt"/>
    </file>
    <file name="Form.js" path="/home/moisesr/Documentos/Desarrollo/Skylab Coders/Assistant/jest-dom-testing-library/components/Form.js">
      <metrics statements="12" coveredstatements="12" conditionals="0" coveredconditionals="0" methods="5" coveredmethods="5"/>
      <line num="5" count="1" type="stmt"/>
      <line num="6" count="1" type="stmt"/>
      <line num="7" count="1" type="stmt"/>
      <line num="8" count="1" type="stmt"/>
      <line num="9" count="1" type="stmt"/>
      <line num="12" count="1" type="stmt"/>
      <line num="22" count="1" type="stmt"/>
      <line num="23" count="1" type="stmt"/>
      <line num="24" count="1" type="stmt"/>
      <line num="25" count="1" type="stmt"/>
      <line num="30" count="1" type="stmt"/>
      <line num="31" count="1" type="stmt"/>
    </file>
    <file name="Header.js" path="/home/moisesr/Documentos/Desarrollo/Skylab Coders/Assistant/jest-dom-testing-library/components/Header.js">
      <metrics statements="4" coveredstatements="4" conditionals="0" coveredconditionals="0" methods="2" coveredmethods="2"/>
      <line num="5" count="1" type="stmt"/>
      <line num="6" count="1" type="stmt"/>
      <line num="7" count="1" type="stmt"/>
      <line num="11" count="1" type="stmt"/>
    </file>
    <file name="TaskList.js" path="/home/moisesr/Documentos/Desarrollo/Skylab Coders/Assistant/jest-dom-testing-library/components/TaskList.js">
      <metrics statements="11" coveredstatements="11" conditionals="0" coveredconditionals="0" methods="4" coveredmethods="4"/>
      <line num="5" count="2" type="stmt"/>
      <line num="6" count="2" type="stmt"/>
      <line num="7" count="2" type="stmt"/>
      <line num="8" count="2" type="stmt"/>
      <line num="12" count="3" type="stmt"/>
      <line num="13" count="3" type="stmt"/>
      <line num="14" count="10" type="stmt"/>
      <line num="17" count="3" type="stmt"/>
      <line num="18" count="3" type="stmt"/>
      <line num="21" count="1" type="stmt"/>
      <line num="22" count="1" type="stmt"/>
    </file>
  </project>
</coverage>
